  Database.cpp
  DataModels.cpp
  DigitalDiary.cpp
D:\University\Projects\Digital_Diary_App\Digital_Diary_Console_Application\DigitalDiary\DigitalDiary\Menus.cpp(3,10): warning C4067: unexpected tokens following preprocessor directive - expected a newline
D:\University\Projects\Digital_Diary_App\Digital_Diary_Console_Application\DigitalDiary\DigitalDiary\Menus.cpp(31,24): warning C4101: 'e': unreferenced local variable
D:\University\Projects\Digital_Diary_App\Digital_Diary_Console_Application\DigitalDiary\DigitalDiary\Menus.cpp(62,24): warning C4101: 'e': unreferenced local variable
D:\University\Projects\Digital_Diary_App\Digital_Diary_Console_Application\DigitalDiary\DigitalDiary\Menus.cpp(97,24): warning C4101: 'e': unreferenced local variable
D:\University\Projects\Digital_Diary_App\Digital_Diary_Console_Application\DigitalDiary\DigitalDiary\Menus.cpp(127,24): warning C4101: 'e': unreferenced local variable
D:\University\Projects\Digital_Diary_App\Digital_Diary_Console_Application\DigitalDiary\DigitalDiary\Menus.cpp(159,24): warning C4101: 'e': unreferenced local variable
D:\University\Projects\Digital_Diary_App\Digital_Diary_Console_Application\DigitalDiary\DigitalDiary\Menus.cpp(189,24): warning C4101: 'e': unreferenced local variable
D:\University\Projects\Digital_Diary_App\Digital_Diary_Console_Application\DigitalDiary\DigitalDiary\Menus.cpp(219,24): warning C4101: 'e': unreferenced local variable
D:\University\Projects\Digital_Diary_App\Digital_Diary_Console_Application\DigitalDiary\DigitalDiary\Menus.cpp(252,24): warning C4101: 'e': unreferenced local variable
D:\University\Projects\Digital_Diary_App\Digital_Diary_Console_Application\DigitalDiary\DigitalDiary\Menus.cpp(283,24): warning C4101: 'e': unreferenced local variable
D:\University\Projects\Digital_Diary_App\Digital_Diary_Console_Application\DigitalDiary\DigitalDiary\Menus.cpp(313,24): warning C4101: 'e': unreferenced local variable
  Menus.cpp
D:\University\Projects\Digital_Diary_App\Digital_Diary_Console_Application\DigitalDiary\DigitalDiary\Menus.cpp(3,10): warning C4067: unexpected tokens following preprocessor directive - expected a newline
D:\University\Projects\Digital_Diary_App\Digital_Diary_Console_Application\DigitalDiary\DigitalDiary\Menus.cpp(31,24): warning C4101: 'e': unreferenced local variable
D:\University\Projects\Digital_Diary_App\Digital_Diary_Console_Application\DigitalDiary\DigitalDiary\Menus.cpp(62,24): warning C4101: 'e': unreferenced local variable
D:\University\Projects\Digital_Diary_App\Digital_Diary_Console_Application\DigitalDiary\DigitalDiary\Menus.cpp(97,24): warning C4101: 'e': unreferenced local variable
D:\University\Projects\Digital_Diary_App\Digital_Diary_Console_Application\DigitalDiary\DigitalDiary\Menus.cpp(127,24): warning C4101: 'e': unreferenced local variable
D:\University\Projects\Digital_Diary_App\Digital_Diary_Console_Application\DigitalDiary\DigitalDiary\Menus.cpp(159,24): warning C4101: 'e': unreferenced local variable
D:\University\Projects\Digital_Diary_App\Digital_Diary_Console_Application\DigitalDiary\DigitalDiary\Menus.cpp(189,24): warning C4101: 'e': unreferenced local variable
D:\University\Projects\Digital_Diary_App\Digital_Diary_Console_Application\DigitalDiary\DigitalDiary\Menus.cpp(219,24): warning C4101: 'e': unreferenced local variable
D:\University\Projects\Digital_Diary_App\Digital_Diary_Console_Application\DigitalDiary\DigitalDiary\Menus.cpp(252,24): warning C4101: 'e': unreferenced local variable
D:\University\Projects\Digital_Diary_App\Digital_Diary_Console_Application\DigitalDiary\DigitalDiary\Menus.cpp(283,24): warning C4101: 'e': unreferenced local variable
D:\University\Projects\Digital_Diary_App\Digital_Diary_Console_Application\DigitalDiary\DigitalDiary\Menus.cpp(313,24): warning C4101: 'e': unreferenced local variable
  Navigations.cpp
D:\University\Projects\Digital_Diary_App\Digital_Diary_Console_Application\DigitalDiary\DigitalDiary\Menus.cpp(3,10): warning C4067: unexpected tokens following preprocessor directive - expected a newline
D:\University\Projects\Digital_Diary_App\Digital_Diary_Console_Application\DigitalDiary\DigitalDiary\Menus.cpp(31,24): warning C4101: 'e': unreferenced local variable
D:\University\Projects\Digital_Diary_App\Digital_Diary_Console_Application\DigitalDiary\DigitalDiary\Menus.cpp(62,24): warning C4101: 'e': unreferenced local variable
D:\University\Projects\Digital_Diary_App\Digital_Diary_Console_Application\DigitalDiary\DigitalDiary\Menus.cpp(97,24): warning C4101: 'e': unreferenced local variable
D:\University\Projects\Digital_Diary_App\Digital_Diary_Console_Application\DigitalDiary\DigitalDiary\Menus.cpp(127,24): warning C4101: 'e': unreferenced local variable
D:\University\Projects\Digital_Diary_App\Digital_Diary_Console_Application\DigitalDiary\DigitalDiary\Menus.cpp(159,24): warning C4101: 'e': unreferenced local variable
D:\University\Projects\Digital_Diary_App\Digital_Diary_Console_Application\DigitalDiary\DigitalDiary\Menus.cpp(189,24): warning C4101: 'e': unreferenced local variable
D:\University\Projects\Digital_Diary_App\Digital_Diary_Console_Application\DigitalDiary\DigitalDiary\Menus.cpp(219,24): warning C4101: 'e': unreferenced local variable
D:\University\Projects\Digital_Diary_App\Digital_Diary_Console_Application\DigitalDiary\DigitalDiary\Menus.cpp(252,24): warning C4101: 'e': unreferenced local variable
D:\University\Projects\Digital_Diary_App\Digital_Diary_Console_Application\DigitalDiary\DigitalDiary\Menus.cpp(283,24): warning C4101: 'e': unreferenced local variable
D:\University\Projects\Digital_Diary_App\Digital_Diary_Console_Application\DigitalDiary\DigitalDiary\Menus.cpp(313,24): warning C4101: 'e': unreferenced local variable
  UserIOStream.cpp
D:\University\Projects\Digital_Diary_App\Digital_Diary_Console_Application\DigitalDiary\DigitalDiary\Menus.cpp(3,10): warning C4067: unexpected tokens following preprocessor directive - expected a newline
D:\University\Projects\Digital_Diary_App\Digital_Diary_Console_Application\DigitalDiary\DigitalDiary\Menus.cpp(31,24): warning C4101: 'e': unreferenced local variable
D:\University\Projects\Digital_Diary_App\Digital_Diary_Console_Application\DigitalDiary\DigitalDiary\Menus.cpp(62,24): warning C4101: 'e': unreferenced local variable
D:\University\Projects\Digital_Diary_App\Digital_Diary_Console_Application\DigitalDiary\DigitalDiary\Menus.cpp(97,24): warning C4101: 'e': unreferenced local variable
D:\University\Projects\Digital_Diary_App\Digital_Diary_Console_Application\DigitalDiary\DigitalDiary\Menus.cpp(127,24): warning C4101: 'e': unreferenced local variable
D:\University\Projects\Digital_Diary_App\Digital_Diary_Console_Application\DigitalDiary\DigitalDiary\Menus.cpp(159,24): warning C4101: 'e': unreferenced local variable
D:\University\Projects\Digital_Diary_App\Digital_Diary_Console_Application\DigitalDiary\DigitalDiary\Menus.cpp(189,24): warning C4101: 'e': unreferenced local variable
D:\University\Projects\Digital_Diary_App\Digital_Diary_Console_Application\DigitalDiary\DigitalDiary\Menus.cpp(219,24): warning C4101: 'e': unreferenced local variable
D:\University\Projects\Digital_Diary_App\Digital_Diary_Console_Application\DigitalDiary\DigitalDiary\Menus.cpp(252,24): warning C4101: 'e': unreferenced local variable
D:\University\Projects\Digital_Diary_App\Digital_Diary_Console_Application\DigitalDiary\DigitalDiary\Menus.cpp(283,24): warning C4101: 'e': unreferenced local variable
D:\University\Projects\Digital_Diary_App\Digital_Diary_Console_Application\DigitalDiary\DigitalDiary\Menus.cpp(313,24): warning C4101: 'e': unreferenced local variable
  Generating Code...
  DigitalDiary.vcxproj -> D:\University\Projects\Digital_Diary_App\Digital_Diary_Console_Application\DigitalDiary\x64\Debug\DigitalDiary.exe
